Verifying Fortran/CXX Compiler Compatibility failed with the following output:
Change Dir: /home/tmcken/Dakota/dakota-6.10.0.src/build/CMakeFiles/FortranCInterface/VerifyCXX

Run Build Command(s):/usr/bin/make VerifyFortranC && /usr/local/bin/cmake -S/usr/local/share/cmake-3.15/Modules/FortranCInterface/Verify -B/home/tmcken/Dakota/dakota-6.10.0.src/build/CMakeFiles/FortranCInterface/VerifyCXX --check-build-system CMakeFiles/Makefile.cmake 0
/usr/bin/make -f CMakeFiles/Makefile2 VerifyFortranC
make[1]: Entering directory '/home/tmcken/Dakota/dakota-6.10.0.src/build/CMakeFiles/FortranCInterface/VerifyCXX'
/usr/local/bin/cmake -S/usr/local/share/cmake-3.15/Modules/FortranCInterface/Verify -B/home/tmcken/Dakota/dakota-6.10.0.src/build/CMakeFiles/FortranCInterface/VerifyCXX --check-build-system CMakeFiles/Makefile.cmake 0
/usr/local/bin/cmake -E cmake_progress_start /home/tmcken/Dakota/dakota-6.10.0.src/build/CMakeFiles/FortranCInterface/VerifyCXX/CMakeFiles 6
/usr/bin/make -f CMakeFiles/Makefile2 CMakeFiles/VerifyFortranC.dir/all
make[2]: Entering directory '/home/tmcken/Dakota/dakota-6.10.0.src/build/CMakeFiles/FortranCInterface/VerifyCXX'
/usr/bin/make -f CMakeFiles/VerifyFortran.dir/build.make CMakeFiles/VerifyFortran.dir/depend
make[3]: Entering directory '/home/tmcken/Dakota/dakota-6.10.0.src/build/CMakeFiles/FortranCInterface/VerifyCXX'
cd /home/tmcken/Dakota/dakota-6.10.0.src/build/CMakeFiles/FortranCInterface/VerifyCXX && /usr/local/bin/cmake -E cmake_depends "Unix Makefiles" /usr/local/share/cmake-3.15/Modules/FortranCInterface/Verify /usr/local/share/cmake-3.15/Modules/FortranCInterface/Verify /home/tmcken/Dakota/dakota-6.10.0.src/build/CMakeFiles/FortranCInterface/VerifyCXX /home/tmcken/Dakota/dakota-6.10.0.src/build/CMakeFiles/FortranCInterface/VerifyCXX /home/tmcken/Dakota/dakota-6.10.0.src/build/CMakeFiles/FortranCInterface/VerifyCXX/CMakeFiles/VerifyFortran.dir/DependInfo.cmake
Scanning dependencies of target VerifyFortran
make[3]: Leaving directory '/home/tmcken/Dakota/dakota-6.10.0.src/build/CMakeFiles/FortranCInterface/VerifyCXX'
/usr/bin/make -f CMakeFiles/VerifyFortran.dir/build.make CMakeFiles/VerifyFortran.dir/build
make[3]: Entering directory '/home/tmcken/Dakota/dakota-6.10.0.src/build/CMakeFiles/FortranCInterface/VerifyCXX'
[ 16%] Building Fortran object CMakeFiles/VerifyFortran.dir/VerifyFortran.f.o
/usr/bin/gfortran -DVERIFY_CXX -I/home/tmcken/Dakota/dakota-6.10.0.src/build/CMakeFiles/FortranCInterface/VerifyCXX  -O3   -c /usr/local/share/cmake-3.15/Modules/FortranCInterface/Verify/VerifyFortran.f -o CMakeFiles/VerifyFortran.dir/VerifyFortran.f.o
[ 33%] Linking Fortran static library libVerifyFortran.a
/usr/local/bin/cmake -P CMakeFiles/VerifyFortran.dir/cmake_clean_target.cmake
/usr/local/bin/cmake -E cmake_link_script CMakeFiles/VerifyFortran.dir/link.txt --verbose=1
/usr/bin/ar qc libVerifyFortran.a  CMakeFiles/VerifyFortran.dir/VerifyFortran.f.o
/usr/bin/ranlib libVerifyFortran.a
make[3]: Leaving directory '/home/tmcken/Dakota/dakota-6.10.0.src/build/CMakeFiles/FortranCInterface/VerifyCXX'
[ 33%] Built target VerifyFortran
/usr/bin/make -f CMakeFiles/VerifyFortranC.dir/build.make CMakeFiles/VerifyFortranC.dir/depend
make[3]: Entering directory '/home/tmcken/Dakota/dakota-6.10.0.src/build/CMakeFiles/FortranCInterface/VerifyCXX'
cd /home/tmcken/Dakota/dakota-6.10.0.src/build/CMakeFiles/FortranCInterface/VerifyCXX && /usr/local/bin/cmake -E cmake_depends "Unix Makefiles" /usr/local/share/cmake-3.15/Modules/FortranCInterface/Verify /usr/local/share/cmake-3.15/Modules/FortranCInterface/Verify /home/tmcken/Dakota/dakota-6.10.0.src/build/CMakeFiles/FortranCInterface/VerifyCXX /home/tmcken/Dakota/dakota-6.10.0.src/build/CMakeFiles/FortranCInterface/VerifyCXX /home/tmcken/Dakota/dakota-6.10.0.src/build/CMakeFiles/FortranCInterface/VerifyCXX/CMakeFiles/VerifyFortranC.dir/DependInfo.cmake
Scanning dependencies of target VerifyFortranC
make[3]: Leaving directory '/home/tmcken/Dakota/dakota-6.10.0.src/build/CMakeFiles/FortranCInterface/VerifyCXX'
/usr/bin/make -f CMakeFiles/VerifyFortranC.dir/build.make CMakeFiles/VerifyFortranC.dir/build
make[3]: Entering directory '/home/tmcken/Dakota/dakota-6.10.0.src/build/CMakeFiles/FortranCInterface/VerifyCXX'
[ 50%] Building C object CMakeFiles/VerifyFortranC.dir/main.c.o
/usr/bin/cc -DVERIFY_CXX -I/home/tmcken/Dakota/dakota-6.10.0.src/build/CMakeFiles/FortranCInterface/VerifyCXX  -O3 -DNDEBUG   -o CMakeFiles/VerifyFortranC.dir/main.c.o   -c /usr/local/share/cmake-3.15/Modules/FortranCInterface/Verify/main.c
[ 66%] Building C object CMakeFiles/VerifyFortranC.dir/VerifyC.c.o
/usr/bin/cc -DVERIFY_CXX -I/home/tmcken/Dakota/dakota-6.10.0.src/build/CMakeFiles/FortranCInterface/VerifyCXX  -O3 -DNDEBUG   -o CMakeFiles/VerifyFortranC.dir/VerifyC.c.o   -c /usr/local/share/cmake-3.15/Modules/FortranCInterface/Verify/VerifyC.c
[ 83%] Building CXX object CMakeFiles/VerifyFortranC.dir/VerifyCXX.cxx.o
/usr/bin/c++  -DVERIFY_CXX -I/home/tmcken/Dakota/dakota-6.10.0.src/build/CMakeFiles/FortranCInterface/VerifyCXX  -O3 -DNDEBUG   -o CMakeFiles/VerifyFortranC.dir/VerifyCXX.cxx.o -c /usr/local/share/cmake-3.15/Modules/FortranCInterface/Verify/VerifyCXX.cxx
[100%] Linking CXX executable VerifyFortranC
/usr/local/bin/cmake -E cmake_link_script CMakeFiles/VerifyFortranC.dir/link.txt --verbose=1
/usr/bin/c++  -O3 -DNDEBUG   CMakeFiles/VerifyFortranC.dir/main.c.o CMakeFiles/VerifyFortranC.dir/VerifyC.c.o CMakeFiles/VerifyFortranC.dir/VerifyCXX.cxx.o  -o VerifyFortranC  -L/usr/lib/gcc/x86_64-linux-gnu/5 libVerifyFortran.a -lgfortran -lquadmath 
/usr/bin/ld: libVerifyFortran.a(VerifyFortran.f.o): relocation R_X86_64_32S against `.rodata.str1.8' can not be used when making a PIE object; recompile with -fPIC
/usr/bin/ld: final link failed: Nonrepresentable section on output
collect2: error: ld returned 1 exit status
CMakeFiles/VerifyFortranC.dir/build.make:117: recipe for target 'VerifyFortranC' failed
make[3]: *** [VerifyFortranC] Error 1
make[3]: Leaving directory '/home/tmcken/Dakota/dakota-6.10.0.src/build/CMakeFiles/FortranCInterface/VerifyCXX'
CMakeFiles/Makefile2:107: recipe for target 'CMakeFiles/VerifyFortranC.dir/all' failed
make[2]: *** [CMakeFiles/VerifyFortranC.dir/all] Error 2
make[2]: Leaving directory '/home/tmcken/Dakota/dakota-6.10.0.src/build/CMakeFiles/FortranCInterface/VerifyCXX'
CMakeFiles/Makefile2:114: recipe for target 'CMakeFiles/VerifyFortranC.dir/rule' failed
make[1]: *** [CMakeFiles/VerifyFortranC.dir/rule] Error 2
make[1]: Leaving directory '/home/tmcken/Dakota/dakota-6.10.0.src/build/CMakeFiles/FortranCInterface/VerifyCXX'
Makefile:134: recipe for target 'VerifyFortranC' failed
make: *** [VerifyFortranC] Error 2



